<?xml version="1.0" encoding="UTF-8"?>
<!-- Generated by org.testng.reporters.JUnitReportReporter -->
<testsuite hostname="DESKTOP-VA2SL4O" failures="0" tests="4" name="TestNG.testng" time="0.014" errors="0" timestamp="2023-06-29T13:40:28 IST" skipped="0">
  <testcase classname="TestNG.testng" name="sub" time="0.001"/>
  <testcase classname="TestNG.testng" name="mul" time="0.002"/>
  <testcase classname="TestNG.testng" name="add" time="0.009"/>
  <testcase classname="TestNG.testng" name="div" time="0.002"/>
</testsuite> <!-- TestNG.testng -->
