<?xml version="1.0" encoding="UTF-8"?>
<!-- Generated by org.testng.reporters.JUnitReportReporter -->
<testsuite hostname="DESKTOP-VA2SL4O" failures="0" tests="1" name="com.ibm.todoapp.TodoappApplicationTests" time="0.012" errors="0" timestamp="11 Jul 2023 09:36:10 GMT" skipped="0">
  <testcase classname="com.ibm.todoapp.TodoappApplicationTests" name="contextLoads" time="0.012"/>
</testsuite> <!-- com.ibm.todoapp.TodoappApplicationTests -->
