<?xml version="1.0" encoding="UTF-8"?>
<!-- Generated by org.testng.reporters.JUnitReportReporter -->
<testsuite hostname="DESKTOP-VA2SL4O" failures="0" tests="1" name="TESTNG.amazon" time="16.357" errors="0" timestamp="2023-06-29T16:53:31 IST" skipped="0">
  <testcase classname="TESTNG.amazon" name="demo" time="16.357"/>
  <system-out/>
</testsuite> <!-- TESTNG.amazon -->
