<?xml version="1.0" encoding="UTF-8"?>
<!-- Generated by org.testng.reporters.JUnitReportReporter -->
<testsuite hostname="DESKTOP-VA2SL4O" failures="0" tests="2" name="TESTNG.Skip" time="0.014" errors="0" timestamp="2023-06-29T16:23:04 IST" skipped="1">
  <testcase classname="TESTNG.Skip" name="sub" time="0.002"/>
  <system-out/>
  <testcase classname="TESTNG.Skip" name="add" time="0.012">
    <skipped/>
  </testcase> <!-- add -->
  <system-out/>
</testsuite> <!-- TESTNG.Skip -->
