<?xml version="1.0" encoding="UTF-8"?>
<!-- Generated by org.testng.reporters.JUnitReportReporter -->
<testsuite hostname="DESKTOP-VA2SL4O" failures="0" tests="4" name="TESTNG.priority" time="0.017" errors="0" timestamp="2023-07-11T14:37:11 IST" skipped="0">
  <testcase classname="TESTNG.priority" name="add" time="0.014"/>
  <system-out/>
  <testcase classname="TESTNG.priority" name="sub" time="0.001"/>
  <system-out/>
  <testcase classname="TESTNG.priority" name="mul" time="0.001"/>
  <system-out/>
  <testcase classname="TESTNG.priority" name="div" time="0.001"/>
  <system-out/>
</testsuite> <!-- TESTNG.priority -->
