<?xml version="1.0" encoding="UTF-8"?>
<!-- Generated by org.testng.reporters.JUnitReportReporter -->
<testsuite hostname="DESKTOP-VA2SL4O" failures="0" tests="1" name="TESTNG.Chrome" time="4.780" errors="0" timestamp="2023-06-29T16:28:31 IST" skipped="0">
  <testcase classname="TESTNG.Chrome" name="compare" time="4.780"/>
  <system-out/>
</testsuite> <!-- TESTNG.Chrome -->
