<?xml version="1.0" encoding="UTF-8"?>
<!-- Generated by org.testng.reporters.JUnitReportReporter -->
<testsuite hostname="DESKTOP-VA2SL4O" failures="0" tests="1" name="TESTNG.yatri" time="5.330" errors="0" timestamp="2023-06-29T16:33:54 IST" skipped="0">
  <testcase classname="TESTNG.yatri" name="demo" time="5.330"/>
  <system-out/>
</testsuite> <!-- TESTNG.yatri -->
