<?xml version="1.0" encoding="UTF-8"?>
<!-- Generated by org.testng.reporters.JUnitReportReporter -->
<testsuite hostname="DESKTOP-VA2SL4O" failures="0" tests="1" name="TESTNG.amazon" time="14.213" errors="0" timestamp="2023-07-11T14:39:32 IST" skipped="0">
  <testcase classname="TESTNG.amazon" name="demo" time="14.213"/>
  <system-out/>
</testsuite> <!-- TESTNG.amazon -->
