<?xml version="1.0" encoding="UTF-8"?>
<!-- Generated by org.testng.reporters.JUnitReportReporter -->
<testsuite hostname="DESKTOP-VA2SL4O" failures="0" tests="4" name="TESTNG.PriorityDescription" time="0.043" errors="0" timestamp="2023-06-29T16:02:09 IST" skipped="0">
  <testcase classname="TESTNG.PriorityDescription" name="add" time="0.034"/>
  <system-out/>
  <testcase classname="TESTNG.PriorityDescription" name="sub" time="0.003"/>
  <system-out/>
  <testcase classname="TESTNG.PriorityDescription" name="mul" time="0.002"/>
  <system-out/>
  <testcase classname="TESTNG.PriorityDescription" name="div" time="0.004"/>
  <system-out/>
</testsuite> <!-- TESTNG.PriorityDescription -->
