<?xml version="1.0" encoding="UTF-8"?>
<!-- Generated by org.testng.reporters.JUnitReportReporter -->
<testsuite hostname="DESKTOP-VA2SL4O" failures="0" tests="2" name="TESTNG.Skip" time="0.011" errors="0" timestamp="2023-07-11T14:32:30 IST" skipped="1">
  <testcase classname="TESTNG.Skip" name="sub" time="0.001"/>
  <system-out/>
  <testcase classname="TESTNG.Skip" name="add" time="0.010">
    <skipped/>
  </testcase> <!-- add -->
  <system-out/>
</testsuite> <!-- TESTNG.Skip -->
