<?xml version="1.0" encoding="UTF-8"?>
<!-- Generated by org.testng.reporters.JUnitReportReporter -->
<testsuite hostname="DESKTOP-VA2SL4O" failures="0" tests="2" name="TESTNG.Afterandbefore" time="0.014" errors="0" timestamp="2023-07-11T14:35:13 IST" skipped="0">
  <testcase classname="TESTNG.Afterandbefore" name="compose_Test" time="0.006"/>
  <system-out/>
  <testcase classname="TESTNG.Afterandbefore" name="sendmail_Test" time="0.008"/>
  <system-out/>
</testsuite> <!-- TESTNG.Afterandbefore -->
