<?xml version="1.0" encoding="UTF-8"?>
<!-- Generated by org.testng.reporters.JUnitReportReporter -->
<testsuite hostname="DESKTOP-VA2SL4O" failures="0" tests="2" name="TESTNG.Afterandbefore" time="0.048" errors="0" timestamp="2023-06-29T16:09:15 IST" skipped="0">
  <testcase classname="TESTNG.Afterandbefore" name="compose_Test" time="0.016"/>
  <system-out/>
  <testcase classname="TESTNG.Afterandbefore" name="sendmail_Test" time="0.032"/>
  <system-out/>
</testsuite> <!-- TESTNG.Afterandbefore -->
