<?xml version="1.0" encoding="UTF-8"?>
<!-- Generated by org.testng.reporters.JUnitReportReporter -->
<testsuite hostname="DESKTOP-VA2SL4O" failures="0" tests="1" name="Admin_users.CreateUsers" time="1.396" errors="0" timestamp="03 Jul 2023 07:01:35 GMT" skipped="0">
  <testcase classname="Admin_users.CreateUsers" name="Create_todos" time="1.396"/>
</testsuite> <!-- Admin_users.CreateUsers -->
