<?xml version="1.0" encoding="UTF-8"?>
<!-- Generated by org.testng.reporters.JUnitReportReporter -->
<testsuite hostname="DESKTOP-VA2SL4O" failures="0" tests="1" name="User_todos.GetTodosById" time="1.277" errors="0" timestamp="03 Jul 2023 06:26:23 GMT" skipped="0">
  <testcase classname="User_todos.GetTodosById" name="Getting_todos_id" time="1.277"/>
</testsuite> <!-- User_todos.GetTodosById -->
