<?xml version="1.0" encoding="UTF-8"?>
<!-- Generated by org.testng.reporters.JUnitReportReporter -->
<testsuite hostname="DESKTOP-VA2SL4O" failures="0" tests="1" name="Admin_users.GetAllUsers" time="1.291" errors="0" timestamp="03 Jul 2023 06:58:34 GMT" skipped="0">
  <testcase classname="Admin_users.GetAllUsers" name="AllUsers" time="1.291"/>
</testsuite> <!-- Admin_users.GetAllUsers -->
