<?xml version="1.0" encoding="UTF-8"?>
<!-- Generated by org.testng.reporters.JUnitReportReporter -->
<testsuite hostname="DESKTOP-VA2SL4O" failures="0" tests="1" name="User_todos.Delete_todos" time="1.349" errors="0" timestamp="03 Jul 2023 06:27:39 GMT" skipped="0">
  <testcase classname="User_todos.Delete_todos" name="delete_todos_id" time="1.349"/>
</testsuite> <!-- User_todos.Delete_todos -->
