<?xml version="1.0" encoding="UTF-8"?>
<!-- Generated by org.testng.reporters.JUnitReportReporter -->
<testsuite hostname="DESKTOP-VA2SL4O" failures="0" tests="1" name="User_todos.GetTodos" time="1.244" errors="0" timestamp="03 Jul 2023 06:24:50 GMT" skipped="0">
  <testcase classname="User_todos.GetTodos" name="GetTodos" time="1.244"/>
</testsuite> <!-- User_todos.GetTodos -->
