<?xml version="1.0" encoding="UTF-8"?>
<!-- Generated by org.testng.reporters.JUnitReportReporter -->
<testsuite hostname="DESKTOP-VA2SL4O" failures="0" tests="1" name="Admin_todos.CreateTodos" time="1.333" errors="0" timestamp="03 Jul 2023 06:12:10 GMT" skipped="0">
  <testcase classname="Admin_todos.CreateTodos" name="Create_todos" time="1.333"/>
</testsuite> <!-- Admin_todos.CreateTodos -->
