<?xml version="1.0" encoding="UTF-8"?>
<!-- Generated by org.testng.reporters.JUnitReportReporter -->
<testsuite hostname="DESKTOP-VA2SL4O" failures="0" tests="1" name="Admin_todos.AdminTodos" time="1.212" errors="0" timestamp="12 Jul 2023 04:19:16 GMT" skipped="0">
  <testcase classname="Admin_todos.AdminTodos" name="login" time="1.212"/>
</testsuite> <!-- Admin_todos.AdminTodos -->
