<?xml version="1.0" encoding="UTF-8"?>
<!-- Generated by org.testng.reporters.JUnitReportReporter -->
<testsuite hostname="DESKTOP-VA2SL4O" failures="0" tests="1" name="Admin_users.GetUsersById" time="1.408" errors="0" timestamp="03 Jul 2023 07:03:12 GMT" skipped="0">
  <testcase classname="Admin_users.GetUsersById" name="Getting_todos_id" time="1.408"/>
</testsuite> <!-- Admin_users.GetUsersById -->
