<?xml version="1.0" encoding="UTF-8"?>
<!-- Generated by org.testng.reporters.JUnitReportReporter -->
<testsuite hostname="DESKTOP-VA2SL4O" failures="0" tests="1" name="Admin_todos.GetTodos" time="1.106" errors="0" timestamp="12 Jul 2023 04:20:48 GMT" skipped="0">
  <testcase classname="Admin_todos.GetTodos" name="GetTodos" time="1.106"/>
</testsuite> <!-- Admin_todos.GetTodos -->
