<?xml version="1.0" encoding="UTF-8"?>
<!-- Generated by org.testng.reporters.JUnitReportReporter -->
<testsuite hostname="DESKTOP-VA2SL4O" failures="0" tests="1" name="ApiTesting.Getting_started" time="0.942" errors="0" timestamp="03 Jul 2023 04:49:44 GMT" skipped="0">
  <testcase classname="ApiTesting.Getting_started" name="simple_get_request" time="0.942"/>
</testsuite> <!-- ApiTesting.Getting_started -->
