<?xml version="1.0" encoding="UTF-8"?>
<!-- Generated by org.testng.reporters.JUnitReportReporter -->
<testsuite hostname="DESKTOP-VA2SL4O" failures="0" tests="1" name="Admin_todos.GetTodos" time="1.176" errors="0" timestamp="03 Jul 2023 05:57:10 GMT" skipped="0">
  <testcase classname="Admin_todos.GetTodos" name="GetTodos" time="1.176"/>
</testsuite> <!-- Admin_todos.GetTodos -->
