<?xml version="1.0" encoding="UTF-8"?>
<!-- Generated by org.testng.reporters.JUnitReportReporter -->
<testsuite hostname="DESKTOP-VA2SL4O" failures="0" tests="1" name="Admin_users.Delete_Users" time="1.182" errors="0" timestamp="03 Jul 2023 07:07:39 GMT" skipped="0">
  <testcase classname="Admin_users.Delete_Users" name="delete_todos_id" time="1.182"/>
</testsuite> <!-- Admin_users.Delete_Users -->
