<?xml version="1.0" encoding="UTF-8"?>
<!-- Generated by org.testng.reporters.JUnitReportReporter -->
<testsuite hostname="DESKTOP-VA2SL4O" failures="0" tests="1" name="Admin_users.Update_users" time="1.432" errors="0" timestamp="03 Jul 2023 07:06:13 GMT" skipped="0">
  <testcase classname="Admin_users.Update_users" name="put_todos_id" time="1.432"/>
</testsuite> <!-- Admin_users.Update_users -->
