<?xml version="1.0" encoding="UTF-8"?>
<!-- Generated by org.testng.reporters.JUnitReportReporter -->
<testsuite hostname="DESKTOP-VA2SL4O" failures="0" tests="1" name="User_todos.UserTodos" time="1.406" errors="0" timestamp="03 Jul 2023 06:33:31 GMT" skipped="0">
  <testcase classname="User_todos.UserTodos" name="login" time="1.406"/>
</testsuite> <!-- User_todos.UserTodos -->
