<?xml version="1.0" encoding="UTF-8"?>
<!-- Generated by org.testng.reporters.JUnitReportReporter -->
<testsuite hostname="DESKTOP-VA2SL4O" failures="0" tests="1" name="User_todos.Put_todos" time="1.322" errors="0" timestamp="03 Jul 2023 06:27:04 GMT" skipped="0">
  <testcase classname="User_todos.Put_todos" name="put_todos_id" time="1.322"/>
</testsuite> <!-- User_todos.Put_todos -->
