<?xml version="1.0" encoding="UTF-8"?>
<!-- Generated by org.testng.reporters.JUnitReportReporter -->
<testsuite hostname="DESKTOP-VA2SL4O" failures="0" tests="1" name="Admin_todos.GetTodosTitle" time="1.270" errors="0" timestamp="03 Jul 2023 06:18:52 GMT" skipped="0">
  <testcase classname="Admin_todos.GetTodosTitle" name="get_todos_title" time="1.270"/>
</testsuite> <!-- Admin_todos.GetTodosTitle -->
