<?xml version="1.0" encoding="UTF-8"?>
<!-- Generated by org.testng.reporters.JUnitReportReporter -->
<testsuite hostname="DESKTOP-VA2SL4O" failures="0" tests="1" name="User_todos.GetTodosTitle" time="1.301" errors="0" timestamp="03 Jul 2023 06:26:43 GMT" skipped="0">
  <testcase classname="User_todos.GetTodosTitle" name="get_todos_title" time="1.301"/>
</testsuite> <!-- User_todos.GetTodosTitle -->
