<?xml version="1.0" encoding="UTF-8"?>
<!-- Generated by org.testng.reporters.JUnitReportReporter -->
<testsuite hostname="DESKTOP-VA2SL4O" failures="0" tests="1" name="Admin_todos.Delete_todos" time="1.238" errors="0" timestamp="03 Jul 2023 06:16:15 GMT" skipped="0">
  <testcase classname="Admin_todos.Delete_todos" name="delete_todos_id" time="1.238"/>
</testsuite> <!-- Admin_todos.Delete_todos -->
