<?xml version="1.0" encoding="UTF-8"?>
<!-- Generated by org.testng.reporters.JUnitReportReporter -->
<testsuite hostname="DESKTOP-VA2SL4O" failures="0" tests="1" name="Admin_todos.GetTodosById" time="1.197" errors="0" timestamp="03 Jul 2023 06:08:07 GMT" skipped="0">
  <testcase classname="Admin_todos.GetTodosById" name="Getting_todos_id" time="1.197"/>
</testsuite> <!-- Admin_todos.GetTodosById -->
